[0904/201848.071:ERROR:process_memory_win.cc(73)] ReadMemory at 0x19a62831630 of 72 bytes failed: Only part of a ReadProcessMemory or WriteProcessMemory request was completed. (0x12B)
[0904/201848.180:WARNING:pe_image_annotations_reader.cc(135)] could not read annotations list object in C:\Program Files (x86)\Google\Chrome\Application\85.0.4183.83\chrome_elf.dll
[0904/201848.181:ERROR:process_memory_win.cc(73)] ReadMemory at 0x536d0000 of 64 bytes failed: Only part of a ReadProcessMemory or WriteProcessMemory request was completed. (0x12B)
[0904/201848.181:WARNING:pe_image_reader.cc(340)] could not read dos header from C:\WINDOWS\system32\tmumh\20019\TmMon\2.8.0.1045\tmmon64.dll
[0904/201848.182:ERROR:process_memory_win.cc(73)] ReadMemory at 0x19a628f9a60 of 72 bytes failed: Only part of a ReadProcessMemory or WriteProcessMemory request was completed. (0x12B)
[0904/201848.183:WARNING:pe_image_annotations_reader.cc(135)] could not read annotations list object in C:\Program Files (x86)\Google\Chrome\Application\85.0.4183.83\chrome.dll
[0904/201848.185:ERROR:process_memory_win.cc(73)] ReadMemory at 0x19a63640000 of 64 bytes failed: Only part of a ReadProcessMemory or WriteProcessMemory request was completed. (0x12B)
[0904/201848.185:WARNING:pe_image_reader.cc(340)] could not read dos header from C:\WINDOWS\System32\bcrypt.dll
[0904/201848.186:ERROR:process_memory_win.cc(73)] ReadMemory at 0x19a63670000 of 64 bytes failed: Only part of a ReadProcessMemory or WriteProcessMemory request was completed. (0x12B)
[0904/201848.186:WARNING:pe_image_reader.cc(340)] could not read dos header from C:\WINDOWS\System32\NSI.dll
[0904/201848.202:ERROR:process_memory_win.cc(73)] ReadMemory at 0x19a62831630 of 72 bytes failed: Only part of a ReadProcessMemory or WriteProcessMemory request was completed. (0x12B)
[0904/201848.202:WARNING:pe_image_annotations_reader.cc(135)] could not read annotations list object in C:\Program Files (x86)\Google\Chrome\Application\85.0.4183.83\chrome_elf.dll
[0904/201848.203:ERROR:process_memory_win.cc(73)] ReadMemory at 0x536d0000 of 64 bytes failed: Only part of a ReadProcessMemory or WriteProcessMemory request was completed. (0x12B)
[0904/201848.203:WARNING:pe_image_reader.cc(340)] could not read dos header from C:\WINDOWS\system32\tmumh\20019\TmMon\2.8.0.1045\tmmon64.dll
[0904/201848.204:ERROR:process_memory_win.cc(73)] ReadMemory at 0x19a628f9a60 of 72 bytes failed: Only part of a ReadProcessMemory or WriteProcessMemory request was completed. (0x12B)
[0904/201848.205:WARNING:pe_image_annotations_reader.cc(135)] could not read annotations list object in C:\Program Files (x86)\Google\Chrome\Application\85.0.4183.83\chrome.dll
[0904/201848.206:ERROR:process_memory_win.cc(73)] ReadMemory at 0x19a63640000 of 64 bytes failed: Only part of a ReadProcessMemory or WriteProcessMemory request was completed. (0x12B)
[0904/201848.206:WARNING:pe_image_reader.cc(340)] could not read dos header from C:\WINDOWS\System32\bcrypt.dll
[0904/201848.207:ERROR:process_memory_win.cc(73)] ReadMemory at 0x19a63670000 of 64 bytes failed: Only part of a ReadProcessMemory or WriteProcessMemory request was completed. (0x12B)
[0904/201848.207:WARNING:pe_image_reader.cc(340)] could not read dos header from C:\WINDOWS\System32\NSI.dll
[0904/201848.209:ERROR:process_memory_win.cc(73)] ReadMemory at 0x19a62831630 of 72 bytes failed: Only part of a ReadProcessMemory or WriteProcessMemory request was completed. (0x12B)
[0904/201848.209:WARNING:pe_image_annotations_reader.cc(135)] could not read annotations list object in C:\Program Files (x86)\Google\Chrome\Application\85.0.4183.83\chrome_elf.dll
[0904/201848.210:ERROR:process_memory_win.cc(73)] ReadMemory at 0x536d0000 of 64 bytes failed: Only part of a ReadProcessMemory or WriteProcessMemory request was completed. (0x12B)
[0904/201848.210:WARNING:pe_image_reader.cc(340)] could not read dos header from C:\WINDOWS\system32\tmumh\20019\TmMon\2.8.0.1045\tmmon64.dll
[0904/201848.211:ERROR:process_memory_win.cc(73)] ReadMemory at 0x19a628f9a60 of 72 bytes failed: Only part of a ReadProcessMemory or WriteProcessMemory request was completed. (0x12B)
[0904/201848.211:WARNING:pe_image_annotations_reader.cc(135)] could not read annotations list object in C:\Program Files (x86)\Google\Chrome\Application\85.0.4183.83\chrome.dll
[0904/201848.212:ERROR:process_memory_win.cc(73)] ReadMemory at 0x19a63640000 of 64 bytes failed: Only part of a ReadProcessMemory or WriteProcessMemory request was completed. (0x12B)
[0904/201848.212:WARNING:pe_image_reader.cc(340)] could not read dos header from C:\WINDOWS\System32\bcrypt.dll
[0904/201848.212:ERROR:process_memory_win.cc(73)] ReadMemory at 0x19a63670000 of 64 bytes failed: Only part of a ReadProcessMemory or WriteProcessMemory request was completed. (0x12B)
[0904/201848.212:WARNING:pe_image_reader.cc(340)] could not read dos header from C:\WINDOWS\System32\NSI.dll
[0904/201848.320:ERROR:process_memory_win.cc(73)] ReadMemory at 0x16aa7e0000 of 131072 bytes failed: Only part of a ReadProcessMemory or WriteProcessMemory request was completed. (0x12B)
[0904/201848.445:ERROR:process_memory_win.cc(73)] ReadMemory at 0x16aaffe000 of 8192 bytes failed: Only part of a ReadProcessMemory or WriteProcessMemory request was completed. (0x12B)
[0904/201848.445:ERROR:process_memory_win.cc(73)] ReadMemory at 0x16ab7fe000 of 8192 bytes failed: Only part of a ReadProcessMemory or WriteProcessMemory request was completed. (0x12B)
[0904/201848.446:ERROR:process_memory_win.cc(73)] ReadMemory at 0x16abffd000 of 12288 bytes failed: Only part of a ReadProcessMemory or WriteProcessMemory request was completed. (0x12B)
[0904/201848.446:ERROR:process_memory_win.cc(73)] ReadMemory at 0x16acffc000 of 16384 bytes failed: Only part of a ReadProcessMemory or WriteProcessMemory request was completed. (0x12B)
[0904/201848.446:ERROR:process_memory_win.cc(73)] ReadMemory at 0x16ad7fc000 of 16384 bytes failed: Only part of a ReadProcessMemory or WriteProcessMemory request was completed. (0x12B)
[0904/201848.447:ERROR:process_memory_win.cc(73)] ReadMemory at 0x16adffe000 of 8192 bytes failed: Only part of a ReadProcessMemory or WriteProcessMemory request was completed. (0x12B)
[0904/201848.447:ERROR:process_memory_win.cc(73)] ReadMemory at 0x16ae7fd000 of 12288 bytes failed: Only part of a ReadProcessMemory or WriteProcessMemory request was completed. (0x12B)
[0904/201848.447:ERROR:process_memory_win.cc(73)] ReadMemory at 0x16aeffc000 of 16384 bytes failed: Only part of a ReadProcessMemory or WriteProcessMemory request was completed. (0x12B)
[0904/201848.447:ERROR:process_memory_win.cc(73)] ReadMemory at 0x16afffb000 of 20480 bytes failed: Only part of a ReadProcessMemory or WriteProcessMemory request was completed. (0x12B)
[0904/201848.448:ERROR:process_memory_win.cc(73)] ReadMemory at 0x16b07fb000 of 20480 bytes failed: Only part of a ReadProcessMemory or WriteProcessMemory request was completed. (0x12B)
[0904/201848.448:ERROR:process_memory_win.cc(73)] ReadMemory at 0x16b0ffb000 of 20480 bytes failed: Only part of a ReadProcessMemory or WriteProcessMemory request was completed. (0x12B)
[0904/201848.448:ERROR:process_memory_win.cc(73)] ReadMemory at 0x16b17fc000 of 16384 bytes failed: Only part of a ReadProcessMemory or WriteProcessMemory request was completed. (0x12B)
[0904/201848.448:ERROR:process_memory_win.cc(73)] ReadMemory at 0x16af7fd000 of 12288 bytes failed: Only part of a ReadProcessMemory or WriteProcessMemory request was completed. (0x12B)
[0904/201848.449:ERROR:process_memory_win.cc(73)] ReadMemory at 0x16b37fc000 of 16384 bytes failed: Only part of a ReadProcessMemory or WriteProcessMemory request was completed. (0x12B)
[0904/201848.449:ERROR:process_memory_win.cc(73)] ReadMemory at 0x16b3fee000 of 73728 bytes failed: Only part of a ReadProcessMemory or WriteProcessMemory request was completed. (0x12B)
[0904/201848.450:ERROR:process_memory_win.cc(73)] ReadMemory at 0x16b27f9000 of 28672 bytes failed: Only part of a ReadProcessMemory or WriteProcessMemory request was completed. (0x12B)
[0904/201848.450:ERROR:process_memory_win.cc(73)] ReadMemory at 0x16ac7fc000 of 16384 bytes failed: Only part of a ReadProcessMemory or WriteProcessMemory request was completed. (0x12B)
[0904/201848.450:ERROR:process_memory_win.cc(73)] ReadMemory at 0x16b1ffd000 of 12288 bytes failed: Only part of a ReadProcessMemory or WriteProcessMemory request was completed. (0x12B)
[0904/201848.451:ERROR:process_memory_win.cc(73)] ReadMemory at 0x16b2ffe000 of 8192 bytes failed: Only part of a ReadProcessMemory or WriteProcessMemory request was completed. (0x12B)
[0904/201848.459:ERROR:process_memory_win.cc(73)] ReadMemory at 0x16a9eb7000 of 852 bytes failed: Only part of a ReadProcessMemory or WriteProcessMemory request was completed. (0x12B)
[0904/201848.649:ERROR:process_memory_win.cc(73)] ReadMemory at 0x16a9eb8000 of 6024 bytes failed: Only part of a ReadProcessMemory or WriteProcessMemory request was completed. (0x12B)
[0904/201848.649:ERROR:process_memory_win.cc(73)] ReadMemory at 0x16a9eba000 of 6024 bytes failed: Only part of a ReadProcessMemory or WriteProcessMemory request was completed. (0x12B)
[0904/201848.650:ERROR:process_memory_win.cc(73)] ReadMemory at 0x16a9ebc000 of 6024 bytes failed: Only part of a ReadProcessMemory or WriteProcessMemory request was completed. (0x12B)
[0904/201848.650:ERROR:process_memory_win.cc(73)] ReadMemory at 0x16a9ebe000 of 6024 bytes failed: Only part of a ReadProcessMemory or WriteProcessMemory request was completed. (0x12B)
[0904/201848.650:ERROR:process_memory_win.cc(73)] ReadMemory at 0x16a9ec2000 of 6024 bytes failed: Only part of a ReadProcessMemory or WriteProcessMemory request was completed. (0x12B)
[0904/201848.651:ERROR:process_memory_win.cc(73)] ReadMemory at 0x16a9ec4000 of 6024 bytes failed: Only part of a ReadProcessMemory or WriteProcessMemory request was completed. (0x12B)
[0904/201848.651:ERROR:process_memory_win.cc(73)] ReadMemory at 0x16a9ec6000 of 6024 bytes failed: Only part of a ReadProcessMemory or WriteProcessMemory request was completed. (0x12B)
[0904/201848.651:ERROR:process_memory_win.cc(73)] ReadMemory at 0x16a9ec8000 of 6024 bytes failed: Only part of a ReadProcessMemory or WriteProcessMemory request was completed. (0x12B)
[0904/201848.651:ERROR:process_memory_win.cc(73)] ReadMemory at 0x16a9eca000 of 6024 bytes failed: Only part of a ReadProcessMemory or WriteProcessMemory request was completed. (0x12B)
[0904/201848.652:ERROR:process_memory_win.cc(73)] ReadMemory at 0x16a9ece000 of 6024 bytes failed: Only part of a ReadProcessMemory or WriteProcessMemory request was completed. (0x12B)
[0904/201848.652:ERROR:process_memory_win.cc(73)] ReadMemory at 0x16a9ed0000 of 6024 bytes failed: Only part of a ReadProcessMemory or WriteProcessMemory request was completed. (0x12B)
[0904/201848.652:ERROR:process_memory_win.cc(73)] ReadMemory at 0x16a9ed2000 of 6024 bytes failed: Only part of a ReadProcessMemory or WriteProcessMemory request was completed. (0x12B)
[0904/201848.652:ERROR:process_memory_win.cc(73)] ReadMemory at 0x16a9ed4000 of 6024 bytes failed: Only part of a ReadProcessMemory or WriteProcessMemory request was completed. (0x12B)
[0904/201848.652:ERROR:process_memory_win.cc(73)] ReadMemory at 0x16a9ede000 of 6024 bytes failed: Only part of a ReadProcessMemory or WriteProcessMemory request was completed. (0x12B)
[0904/201848.653:ERROR:process_memory_win.cc(73)] ReadMemory at 0x16a9ee4000 of 6024 bytes failed: Only part of a ReadProcessMemory or WriteProcessMemory request was completed. (0x12B)
[0904/201848.653:ERROR:process_memory_win.cc(73)] ReadMemory at 0x16a9ee8000 of 6024 bytes failed: Only part of a ReadProcessMemory or WriteProcessMemory request was completed. (0x12B)
[0904/201848.653:ERROR:process_memory_win.cc(73)] ReadMemory at 0x16a9f98000 of 6024 bytes failed: Only part of a ReadProcessMemory or WriteProcessMemory request was completed. (0x12B)
[0904/201848.653:ERROR:process_memory_win.cc(73)] ReadMemory at 0x16a9f9a000 of 6024 bytes failed: Only part of a ReadProcessMemory or WriteProcessMemory request was completed. (0x12B)
[0904/201848.653:ERROR:process_memory_win.cc(73)] ReadMemory at 0x16a9f9c000 of 6024 bytes failed: Only part of a ReadProcessMemory or WriteProcessMemory request was completed. (0x12B)
[0904/201848.654:ERROR:process_memory_win.cc(73)] ReadMemory at 0x16a9f9e000 of 6024 bytes failed: Only part of a ReadProcessMemory or WriteProcessMemory request was completed. (0x12B)
[0904/201848.654:ERROR:process_memory_win.cc(73)] ReadMemory at 0x19a62820fe0 of 23702 bytes failed: Only part of a ReadProcessMemory or WriteProcessMemory request was completed. (0x12B)
[0904/201848.655:ERROR:process_memory_win.cc(73)] ReadMemory at 0x19a62826c80 of 1012 bytes failed: Only part of a ReadProcessMemory or WriteProcessMemory request was completed. (0x12B)
[0904/201848.735:ERROR:process_memory_win.cc(73)] ReadMemory at 0x19a628272c8 of 118 bytes failed: Only part of a ReadProcessMemory or WriteProcessMemory request was completed. (0x12B)
[0904/201848.754:ERROR:process_memory_win.cc(73)] ReadMemory at 0x19a62827340 of 848 bytes failed: Only part of a ReadProcessMemory or WriteProcessMemory request was completed. (0x12B)
[0904/201848.754:ERROR:process_memory_win.cc(73)] ReadMemory at 0x19a62827692 of 118 bytes failed: Only part of a ReadProcessMemory or WriteProcessMemory request was completed. (0x12B)
[0904/201848.900:ERROR:process_memory_win.cc(73)] ReadMemory at 0x19a6282770a of 100 bytes failed: Only part of a ReadProcessMemory or WriteProcessMemory request was completed. (0x12B)
[0904/201848.901:ERROR:process_memory_win.cc(73)] ReadMemory at 0x19a62827780 of 58 bytes failed: Only part of a ReadProcessMemory or WriteProcessMemory request was completed. (0x12B)
[0904/201848.901:ERROR:process_memory_win.cc(73)] ReadMemory at 0x19a62827880 of 132 bytes failed: Only part of a ReadProcessMemory or WriteProcessMemory request was completed. (0x12B)
[0904/201848.902:ERROR:process_memory_win.cc(73)] ReadMemory at 0x19a62827a10 of 132 bytes failed: Only part of a ReadProcessMemory or WriteProcessMemory request was completed. (0x12B)
[0904/201848.902:ERROR:process_memory_win.cc(73)] ReadMemory at 0x19a62827bd0 of 124 bytes failed: Only part of a ReadProcessMemory or WriteProcessMemory request was completed. (0x12B)
[0904/201848.903:ERROR:process_memory_win.cc(73)] ReadMemory at 0x19a62827fb0 of 132 bytes failed: Only part of a ReadProcessMemory or WriteProcessMemory request was completed. (0x12B)
[0904/201848.903:ERROR:process_memory_win.cc(73)] ReadMemory at 0x19a62828140 of 64 bytes failed: Only part of a ReadProcessMemory or WriteProcessMemory request was completed. (0x12B)
[0904/201848.904:ERROR:process_memory_win.cc(73)] ReadMemory at 0x19a62828300 of 132 bytes failed: Only part of a ReadProcessMemory or WriteProcessMemory request was completed. (0x12B)
[0904/201848.904:ERROR:process_memory_win.cc(73)] ReadMemory at 0x19a628285a0 of 132 bytes failed: Only part of a ReadProcessMemory or WriteProcessMemory request was completed. (0x12B)
[0904/201848.905:ERROR:process_memory_win.cc(73)] ReadMemory at 0x19a62828730 of 68 bytes failed: Only part of a ReadProcessMemory or WriteProcessMemory request was completed. (0x12B)
[0904/201848.905:ERROR:process_memory_win.cc(73)] ReadMemory at 0x19a62829830 of 132 bytes failed: Only part of a ReadProcessMemory or WriteProcessMemory request was completed. (0x12B)
[0904/201848.905:ERROR:process_memory_win.cc(73)] ReadMemory at 0x19a628299c0 of 152 bytes failed: Only part of a ReadProcessMemory or WriteProcessMemory request was completed. (0x12B)
[0904/201848.906:ERROR:process_memory_win.cc(73)] ReadMemory at 0x19a6282a700 of 132 bytes failed: Only part of a ReadProcessMemory or WriteProcessMemory request was completed. (0x12B)
[0904/201848.906:ERROR:process_memory_win.cc(73)] ReadMemory at 0x19a6282a830 of 60 bytes failed: Only part of a ReadProcessMemory or WriteProcessMemory request was completed. (0x12B)
[0904/201848.907:ERROR:process_memory_win.cc(73)] ReadMemory at 0x19a6282a880 of 126 bytes failed: Only part of a ReadProcessMemory or WriteProcessMemory request was completed. (0x12B)
[0904/201848.907:ERROR:process_memory_win.cc(73)] ReadMemory at 0x19a6282bde0 of 62 bytes failed: Only part of a ReadProcessMemory or WriteProcessMemory request was completed. (0x12B)
[0904/201848.908:ERROR:process_memory_win.cc(73)] ReadMemory at 0x19a6282be60 of 120 bytes failed: Only part of a ReadProcessMemory or WriteProcessMemory request was completed. (0x12B)
[0904/201848.908:ERROR:process_memory_win.cc(73)] ReadMemory at 0x19a62831680 of 58 bytes failed: Only part of a ReadProcessMemory or WriteProcessMemory request was completed. (0x12B)
[0904/201848.909:ERROR:process_memory_win.cc(73)] ReadMemory at 0x19a62831810 of 64 bytes failed: Only part of a ReadProcessMemory or WriteProcessMemory request was completed. (0x12B)
[0904/201848.909:ERROR:process_memory_win.cc(73)] ReadMemory at 0x19a62831860 of 60 bytes failed: Only part of a ReadProcessMemory or WriteProcessMemory request was completed. (0x12B)
[0904/201848.910:ERROR:process_memory_win.cc(73)] ReadMemory at 0x19a62831ae0 of 62 bytes failed: Only part of a ReadProcessMemory or WriteProcessMemory request was completed. (0x12B)
[0904/201848.910:ERROR:process_memory_win.cc(73)] ReadMemory at 0x19a62834390 of 132 bytes failed: Only part of a ReadProcessMemory or WriteProcessMemory request was completed. (0x12B)
[0904/201848.910:ERROR:process_memory_win.cc(73)] ReadMemory at 0x19a62835d70 of 132 bytes failed: Only part of a ReadProcessMemory or WriteProcessMemory request was completed. (0x12B)
[0904/201848.910:ERROR:process_memory_win.cc(73)] ReadMemory at 0x19a62835f90 of 132 bytes failed: Only part of a ReadProcessMemory or WriteProcessMemory request was completed. (0x12B)
[0904/201848.911:ERROR:process_memory_win.cc(73)] ReadMemory at 0x19a628360c0 of 132 bytes failed: Only part of a ReadProcessMemory or WriteProcessMemory request was completed. (0x12B)
[0904/201848.911:ERROR:process_memory_win.cc(73)] ReadMemory at 0x19a628362e0 of 132 bytes failed: Only part of a ReadProcessMemory or WriteProcessMemory request was completed. (0x12B)
[0904/201848.912:ERROR:process_memory_win.cc(73)] ReadMemory at 0x19a62836510 of 132 bytes failed: Only part of a ReadProcessMemory or WriteProcessMemory request was completed. (0x12B)
[0904/201848.912:ERROR:process_memory_win.cc(73)] ReadMemory at 0x19a62844fc0 of 512 bytes failed: Only part of a ReadProcessMemory or WriteProcessMemory request was completed. (0x12B)
[0904/201848.912:ERROR:process_memory_win.cc(73)] ReadMemory at 0x19a628aacf0 of 60 bytes failed: Only part of a ReadProcessMemory or WriteProcessMemory request was completed. (0x12B)
[0904/201848.912:ERROR:process_memory_win.cc(73)] ReadMemory at 0x19a628aad78 of 512 bytes failed: Only part of a ReadProcessMemory or WriteProcessMemory request was completed. (0x12B)
[0904/201848.913:ERROR:process_memory_win.cc(73)] ReadMemory at 0x19a628ab100 of 62 bytes failed: Only part of a ReadProcessMemory or WriteProcessMemory request was completed. (0x12B)
[0904/201848.913:ERROR:process_memory_win.cc(73)] ReadMemory at 0x19a628ab150 of 60 bytes failed: Only part of a ReadProcessMemory or WriteProcessMemory request was completed. (0x12B)
[0904/201848.913:ERROR:process_memory_win.cc(73)] ReadMemory at 0x19a628ab290 of 58 bytes failed: Only part of a ReadProcessMemory or WriteProcessMemory request was completed. (0x12B)
[0904/201848.913:ERROR:process_memory_win.cc(73)] ReadMemory at 0x19a628ab560 of 64 bytes failed: Only part of a ReadProcessMemory or WriteProcessMemory request was completed. (0x12B)
[0904/201848.913:ERROR:process_memory_win.cc(73)] ReadMemory at 0x19a628ab5b0 of 66 bytes failed: Only part of a ReadProcessMemory or WriteProcessMemory request was completed. (0x12B)
[0904/201848.914:ERROR:process_memory_win.cc(73)] ReadMemory at 0x19a628ab6a0 of 62 bytes failed: Only part of a ReadProcessMemory or WriteProcessMemory request was completed. (0x12B)
[0904/201848.914:ERROR:process_memory_win.cc(73)] ReadMemory at 0x19a628ab920 of 58 bytes failed: Only part of a ReadProcessMemory or WriteProcessMemory request was completed. (0x12B)
[0904/201848.914:ERROR:process_memory_win.cc(73)] ReadMemory at 0x19a628ab970 of 66 bytes failed: Only part of a ReadProcessMemory or WriteProcessMemory request was completed. (0x12B)
[0904/201848.914:ERROR:process_memory_win.cc(73)] ReadMemory at 0x19a628abb40 of 132 bytes failed: Only part of a ReadProcessMemory or WriteProcessMemory request was completed. (0x12B)
[0904/201848.914:ERROR:process_memory_win.cc(73)] ReadMemory at 0x19a628abf00 of 132 bytes failed: Only part of a ReadProcessMemory or WriteProcessMemory request was completed. (0x12B)
[0904/201848.914:ERROR:process_memory_win.cc(73)] ReadMemory at 0x19a628ac0c0 of 132 bytes failed: Only part of a ReadProcessMemory or WriteProcessMemory request was completed. (0x12B)
[0904/201848.915:ERROR:process_memory_win.cc(73)] ReadMemory at 0x19a628ac1f0 of 132 bytes failed: Only part of a ReadProcessMemory or WriteProcessMemory request was completed. (0x12B)
[0904/201848.915:ERROR:process_memory_win.cc(73)] ReadMemory at 0x19a628ac320 of 132 bytes failed: Only part of a ReadProcessMemory or WriteProcessMemory request was completed. (0x12B)
[0904/201848.915:ERROR:process_memory_win.cc(73)] ReadMemory at 0x19a628ac450 of 132 bytes failed: Only part of a ReadProcessMemory or WriteProcessMemory request was completed. (0x12B)
[0904/201848.915:ERROR:process_memory_win.cc(73)] ReadMemory at 0x19a628ac580 of 132 bytes failed: Only part of a ReadProcessMemory or WriteProcessMemory request was completed. (0x12B)
[0904/201848.916:ERROR:process_memory_win.cc(73)] ReadMemory at 0x19a628ac6b0 of 132 bytes failed: Only part of a ReadProcessMemory or WriteProcessMemory request was completed. (0x12B)
[0904/201848.916:ERROR:process_memory_win.cc(73)] ReadMemory at 0x19a628ad650 of 80 bytes failed: Only part of a ReadProcessMemory or WriteProcessMemory request was completed. (0x12B)
[0904/201848.916:ERROR:process_memory_win.cc(73)] ReadMemory at 0x19a628adb40 of 132 bytes failed: Only part of a ReadProcessMemory or WriteProcessMemory request was completed. (0x12B)
[0904/201848.916:ERROR:process_memory_win.cc(73)] ReadMemory at 0x19a628ade40 of 132 bytes failed: Only part of a ReadProcessMemory or WriteProcessMemory request was completed. (0x12B)
[0904/201848.916:ERROR:process_memory_win.cc(73)] ReadMemory at 0x19a628b9980 of 60 bytes failed: Only part of a ReadProcessMemory or WriteProcessMemory request was completed. (0x12B)
[0904/201848.916:ERROR:process_memory_win.cc(73)] ReadMemory at 0x19a628b99d0 of 62 bytes failed: Only part of a ReadProcessMemory or WriteProcessMemory request was completed. (0x12B)
[0904/201848.917:ERROR:process_memory_win.cc(73)] ReadMemory at 0x19a628b9ac0 of 60 bytes failed: Only part of a ReadProcessMemory or WriteProcessMemory request was completed. (0x12B)
[0904/201848.917:ERROR:process_memory_win.cc(73)] ReadMemory at 0x19a628b9b10 of 64 bytes failed: Only part of a ReadProcessMemory or WriteProcessMemory request was completed. (0x12B)
[0904/201848.917:ERROR:process_memory_win.cc(73)] ReadMemory at 0x19a628b9ca0 of 62 bytes failed: Only part of a ReadProcessMemory or WriteProcessMemory request was completed. (0x12B)
[0904/201848.918:ERROR:process_memory_win.cc(73)] ReadMemory at 0x19a628b9e30 of 58 bytes failed: Only part of a ReadProcessMemory or WriteProcessMemory request was completed. (0x12B)
[0904/201848.918:ERROR:process_memory_win.cc(73)] ReadMemory at 0x19a628b9e80 of 64 bytes failed: Only part of a ReadProcessMemory or WriteProcessMemory request was completed. (0x12B)
[0904/201848.918:ERROR:process_memory_win.cc(73)] ReadMemory at 0x19a628ba150 of 62 bytes failed: Only part of a ReadProcessMemory or WriteProcessMemory request was completed. (0x12B)
[0904/201848.918:ERROR:process_memory_win.cc(73)] ReadMemory at 0x19a628ba330 of 64 bytes failed: Only part of a ReadProcessMemory or WriteProcessMemory request was completed. (0x12B)
[0904/201848.918:ERROR:process_memory_win.cc(73)] ReadMemory at 0x19a628ba380 of 62 bytes failed: Only part of a ReadProcessMemory or WriteProcessMemory request was completed. (0x12B)
[0904/201848.919:ERROR:process_memory_win.cc(73)] ReadMemory at 0x19a628ba420 of 60 bytes failed: Only part of a ReadProcessMemory or WriteProcessMemory request was completed. (0x12B)
[0904/201848.919:ERROR:process_memory_win.cc(73)] ReadMemory at 0x19a628c8500 of 512 bytes failed: Only part of a ReadProcessMemory or WriteProcessMemory request was completed. (0x12B)
[0904/201848.919:ERROR:process_memory_win.cc(73)] ReadMemory at 0x19a628c8880 of 512 bytes failed: Only part of a ReadProcessMemory or WriteProcessMemory request was completed. (0x12B)
[0904/201848.919:ERROR:process_memory_win.cc(73)] ReadMemory at 0x19a628ca910 of 132 bytes failed: Only part of a ReadProcessMemory or WriteProcessMemory request was completed. (0x12B)
[0904/201848.920:ERROR:process_memory_win.cc(73)] ReadMemory at 0x19a628caa40 of 132 bytes failed: Only part of a ReadProcessMemory or WriteProcessMemory request was completed. (0x12B)
[0904/201848.920:ERROR:process_memory_win.cc(73)] ReadMemory at 0x19a628cab70 of 132 bytes failed: Only part of a ReadProcessMemory or WriteProcessMemory request was completed. (0x12B)
[0904/201848.920:ERROR:process_memory_win.cc(73)] ReadMemory at 0x19a628caca0 of 132 bytes failed: Only part of a ReadProcessMemory or WriteProcessMemory request was completed. (0x12B)
[0904/201848.920:ERROR:process_memory_win.cc(73)] ReadMemory at 0x19a628cadd0 of 132 bytes failed: Only part of a ReadProcessMemory or WriteProcessMemory request was completed. (0x12B)
[0904/201848.921:ERROR:process_memory_win.cc(73)] ReadMemory at 0x19a628caf00 of 132 bytes failed: Only part of a ReadProcessMemory or WriteProcessMemory request was completed. (0x12B)
[0904/201848.921:ERROR:process_memory_win.cc(73)] ReadMemory at 0x19a628cb030 of 132 bytes failed: Only part of a ReadProcessMemory or WriteProcessMemory request was completed. (0x12B)
[0904/201848.921:ERROR:process_memory_win.cc(73)] ReadMemory at 0x19a628cb160 of 132 bytes failed: Only part of a ReadProcessMemory or WriteProcessMemory request was completed. (0x12B)
[0904/201848.922:ERROR:process_memory_win.cc(73)] ReadMemory at 0x19a628cb290 of 132 bytes failed: Only part of a ReadProcessMemory or WriteProcessMemory request was completed. (0x12B)
[0904/201848.922:ERROR:process_memory_win.cc(73)] ReadMemory at 0x19a628cb3c0 of 132 bytes failed: Only part of a ReadProcessMemory or WriteProcessMemory request was completed. (0x12B)
[0904/201848.922:ERROR:process_memory_win.cc(73)] ReadMemory at 0x19a628cb4f0 of 132 bytes failed: Only part of a ReadProcessMemory or WriteProcessMemory request was completed. (0x12B)
[0904/201848.923:ERROR:process_memory_win.cc(73)] ReadMemory at 0x19a628cb620 of 132 bytes failed: Only part of a ReadProcessMemory or WriteProcessMemory request was completed. (0x12B)
[0904/201848.923:ERROR:process_memory_win.cc(73)] ReadMemory at 0x19a628cb750 of 132 bytes failed: Only part of a ReadProcessMemory or WriteProcessMemory request was completed. (0x12B)
[0904/201848.923:ERROR:process_memory_win.cc(73)] ReadMemory at 0x19a628cb9b0 of 132 bytes failed: Only part of a ReadProcessMemory or WriteProcessMemory request was completed. (0x12B)
[0904/201848.923:ERROR:process_memory_win.cc(73)] ReadMemory at 0x19a628cbc10 of 132 bytes failed: Only part of a ReadProcessMemory or WriteProcessMemory request was completed. (0x12B)
[0904/201848.923:ERROR:process_memory_win.cc(73)] ReadMemory at 0x19a628cbfa0 of 132 bytes failed: Only part of a ReadProcessMemory or WriteProcessMemory request was completed. (0x12B)
[0904/201848.924:ERROR:process_memory_win.cc(73)] ReadMemory at 0x19a628cc0d0 of 132 bytes failed: Only part of a ReadProcessMemory or WriteProcessMemory request was completed. (0x12B)
[0904/201848.924:ERROR:process_memory_win.cc(73)] ReadMemory at 0x19a628cc200 of 132 bytes failed: Only part of a ReadProcessMemory or WriteProcessMemory request was completed. (0x12B)
[0904/201848.924:ERROR:process_memory_win.cc(73)] ReadMemory at 0x19a628cc330 of 132 bytes failed: Only part of a ReadProcessMemory or WriteProcessMemory request was completed. (0x12B)
[0904/201848.924:ERROR:process_memory_win.cc(73)] ReadMemory at 0x19a628cc590 of 132 bytes failed: Only part of a ReadProcessMemory or WriteProcessMemory request was completed. (0x12B)
[0904/201848.925:ERROR:process_memory_win.cc(73)] ReadMemory at 0x19a628cc6c0 of 132 bytes failed: Only part of a ReadProcessMemory or WriteProcessMemory request was completed. (0x12B)
[0904/201848.925:ERROR:process_memory_win.cc(73)] ReadMemory at 0x19a628cdcf0 of 54 bytes failed: Only part of a ReadProcessMemory or WriteProcessMemory request was completed. (0x12B)
[0904/201848.925:ERROR:process_memory_win.cc(73)] ReadMemory at 0x19a628d15b0 of 144 bytes failed: Only part of a ReadProcessMemory or WriteProcessMemory request was completed. (0x12B)
[0904/201848.925:ERROR:process_memory_win.cc(73)] ReadMemory at 0x19a628d1c10 of 76 bytes failed: Only part of a ReadProcessMemory or WriteProcessMemory request was completed. (0x12B)
[0904/201848.926:ERROR:process_memory_win.cc(73)] ReadMemory at 0x19a628d2330 of 80 bytes failed: Only part of a ReadProcessMemory or WriteProcessMemory request was completed. (0x12B)
[0904/201848.926:ERROR:process_memory_win.cc(73)] ReadMemory at 0x19a628dd0b0 of 60 bytes failed: Only part of a ReadProcessMemory or WriteProcessMemory request was completed. (0x12B)
[0904/201848.926:ERROR:process_memory_win.cc(73)] ReadMemory at 0x19a628dd1f0 of 64 bytes failed: Only part of a ReadProcessMemory or WriteProcessMemory request was completed. (0x12B)
[0904/201848.927:ERROR:process_memory_win.cc(73)] ReadMemory at 0x19a628dd290 of 62 bytes failed: Only part of a ReadProcessMemory or WriteProcessMemory request was completed. (0x12B)
[0904/201848.927:ERROR:process_memory_win.cc(73)] ReadMemory at 0x19a628dd380 of 62 bytes failed: Only part of a ReadProcessMemory or WriteProcessMemory request was completed. (0x12B)
[0904/201848.927:ERROR:process_memory_win.cc(73)] ReadMemory at 0x19a628dd510 of 64 bytes failed: Only part of a ReadProcessMemory or WriteProcessMemory request was completed. (0x12B)
[0904/201848.927:ERROR:process_memory_win.cc(73)] ReadMemory at 0x19a628dd600 of 62 bytes failed: Only part of a ReadProcessMemory or WriteProcessMemory request was completed. (0x12B)
[0904/201848.927:ERROR:process_memory_win.cc(73)] ReadMemory at 0x19a628dd650 of 64 bytes failed: Only part of a ReadProcessMemory or WriteProcessMemory request was completed. (0x12B)
[0904/201848.928:ERROR:process_memory_win.cc(73)] ReadMemory at 0x19a628ddc90 of 66 bytes failed: Only part of a ReadProcessMemory or WriteProcessMemory request was completed. (0x12B)
[0904/201848.928:ERROR:process_memory_win.cc(73)] ReadMemory at 0x19a628ddce0 of 62 bytes failed: Only part of a ReadProcessMemory or WriteProcessMemory request was completed. (0x12B)
[0904/201848.928:ERROR:process_memory_win.cc(73)] ReadMemory at 0x19a628ddd30 of 512 bytes failed: Only part of a ReadProcessMemory or WriteProcessMemory request was completed. (0x12B)
[0904/201848.928:ERROR:process_memory_win.cc(73)] ReadMemory at 0x19a628df4f0 of 132 bytes failed: Only part of a ReadProcessMemory or WriteProcessMemory request was completed. (0x12B)
[0904/201848.928:ERROR:process_memory_win.cc(73)] ReadMemory at 0x19a628df620 of 132 bytes failed: Only part of a ReadProcessMemory or WriteProcessMemory request was completed. (0x12B)
[0904/201848.928:ERROR:process_memory_win.cc(73)] ReadMemory at 0x19a628dfae0 of 132 bytes failed: Only part of a ReadProcessMemory or WriteProcessMemory request was completed. (0x12B)
[0904/201848.929:ERROR:process_memory_win.cc(73)] ReadMemory at 0x19a628dfd40 of 132 bytes failed: Only part of a ReadProcessMemory or WriteProcessMemory request was completed. (0x12B)
[0904/201848.929:ERROR:process_memory_win.cc(73)] ReadMemory at 0x19a64995f90 of 512 bytes failed: Only part of a ReadProcessMemory or WriteProcessMemory request was completed. (0x12B)
[0904/201848.929:ERROR:process_memory_win.cc(73)] ReadMemory at 0x19a6499f0e0 of 512 bytes failed: Only part of a ReadProcessMemory or WriteProcessMemory request was completed. (0x12B)
[0904/201848.930:ERROR:process_memory_win.cc(73)] ReadMemory at 0x19a649a28f8 of 512 bytes failed: Only part of a ReadProcessMemory or WriteProcessMemory request was completed. (0x12B)
[0904/201848.930:ERROR:process_memory_win.cc(73)] ReadMemory at 0x19a649a7de0 of 512 bytes failed: Only part of a ReadProcessMemory or WriteProcessMemory request was completed. (0x12B)
[0904/201848.930:ERROR:process_memory_win.cc(73)] ReadMemory at 0x19a649b3d59 of 512 bytes failed: Only part of a ReadProcessMemory or WriteProcessMemory request was completed. (0x12B)
[0904/201848.931:ERROR:process_memory_win.cc(73)] ReadMemory at 0x19a649bd330 of 512 bytes failed: Only part of a ReadProcessMemory or WriteProcessMemory request was completed. (0x12B)
[0904/201848.931:ERROR:process_memory_win.cc(73)] ReadMemory at 0x19a649c1210 of 512 bytes failed: Only part of a ReadProcessMemory or WriteProcessMemory request was completed. (0x12B)
[0904/201848.931:ERROR:process_memory_win.cc(73)] ReadMemory at 0x19a649c4440 of 512 bytes failed: Only part of a ReadProcessMemory or WriteProcessMemory request was completed. (0x12B)
[0904/201848.931:ERROR:process_memory_win.cc(73)] ReadMemory at 0x19a649c9d60 of 712 bytes failed: Only part of a ReadProcessMemory or WriteProcessMemory request was completed. (0x12B)
[0904/201848.931:ERROR:process_memory_win.cc(73)] ReadMemory at 0x19a649cb092 of 512 bytes failed: Only part of a ReadProcessMemory or WriteProcessMemory request was completed. (0x12B)
[0904/201848.931:ERROR:process_memory_win.cc(73)] ReadMemory at 0x19a649cf334 of 512 bytes failed: Only part of a ReadProcessMemory or WriteProcessMemory request was completed. (0x12B)
[0904/201848.931:ERROR:process_memory_win.cc(73)] ReadMemory at 0x19a649d27c4 of 512 bytes failed: Only part of a ReadProcessMemory or WriteProcessMemory request was completed. (0x12B)
[0904/201848.932:ERROR:process_memory_win.cc(73)] ReadMemory at 0x19a649d9cc0 of 512 bytes failed: Only part of a ReadProcessMemory or WriteProcessMemory request was completed. (0x12B)
[0904/201848.932:ERROR:process_memory_win.cc(73)] ReadMemory at 0x19a649fd040 of 512 bytes failed: Only part of a ReadProcessMemory or WriteProcessMemory request was completed. (0x12B)
[0904/201848.932:ERROR:process_memory_win.cc(73)] ReadMemory at 0x19a64a0aa30 of 512 bytes failed: Only part of a ReadProcessMemory or WriteProcessMemory request was completed. (0x12B)
[0904/201848.932:ERROR:process_memory_win.cc(73)] ReadMemory at 0x19a64b9cfb0 of 512 bytes failed: Only part of a ReadProcessMemory or WriteProcessMemory request was completed. (0x12B)
[0904/201848.932:ERROR:process_memory_win.cc(73)] ReadMemory at 0x19a65133a18 of 512 bytes failed: Only part of a ReadProcessMemory or WriteProcessMemory request was completed. (0x12B)
[0904/201848.932:ERROR:process_memory_win.cc(73)] ReadMemory at 0x19a6634c130 of 512 bytes failed: Only part of a ReadProcessMemory or WriteProcessMemory request was completed. (0x12B)
[0904/201848.933:ERROR:process_memory_win.cc(73)] ReadMemory at 0x19a6646d0d0 of 512 bytes failed: Only part of a ReadProcessMemory or WriteProcessMemory request was completed. (0x12B)
[0904/201848.933:ERROR:process_memory_win.cc(73)] ReadMemory at 0x19a6872d0c0 of 520 bytes failed: Only part of a ReadProcessMemory or WriteProcessMemory request was completed. (0x12B)
[0904/201848.973:ERROR:process_memory_win.cc(73)] ReadMemory at 0x19a6b7d1260 of 512 bytes failed: Only part of a ReadProcessMemory or WriteProcessMemory request was completed. (0x12B)
[0904/201848.973:ERROR:process_memory_win.cc(73)] ReadMemory at 0x19a6d174a70 of 512 bytes failed: Only part of a ReadProcessMemory or WriteProcessMemory request was completed. (0x12B)
[0904/201848.973:ERROR:process_memory_win.cc(73)] ReadMemory at 0x19a6d1d6390 of 512 bytes failed: Only part of a ReadProcessMemory or WriteProcessMemory request was completed. (0x12B)
[0904/201848.974:ERROR:process_memory_win.cc(73)] ReadMemory at 0x19a6e3d9140 of 512 bytes failed: Only part of a ReadProcessMemory or WriteProcessMemory request was completed. (0x12B)
[0904/201848.974:ERROR:process_memory_win.cc(73)] ReadMemory at 0x19a73ddf540 of 652 bytes failed: Only part of a ReadProcessMemory or WriteProcessMemory request was completed. (0x12B)
[0904/201848.974:ERROR:process_memory_win.cc(73)] ReadMemory at 0x19a74fcef28 of 512 bytes failed: Only part of a ReadProcessMemory or WriteProcessMemory request was completed. (0x12B)
[0904/201849.001:ERROR:scoped_process_suspend.cc(40)] NtResumeProcess: An attempt was made to access an exiting process. (0xc000010a)
